Symlinking /home/ubuntu/ros_project/devel/include/ur5_pkg/ForwardKinematic.h
Symlinking /home/ubuntu/ros_project/devel/include/ur5_pkg/ForwardKinematicResponse.h
Symlinking /home/ubuntu/ros_project/devel/include/ur5_pkg/ForwardKinematicRequest.h
Symlinking /home/ubuntu/ros_project/devel/lib/pkgconfig/ur5_pkg.pc
Symlinking /home/ubuntu/ros_project/devel/lib/python3/dist-packages/ur5_pkg/__init__.py
Symlinking /home/ubuntu/ros_project/devel/lib/python3/dist-packages/ur5_pkg/srv/_ForwardKinematic.py
Symlinking /home/ubuntu/ros_project/devel/lib/python3/dist-packages/ur5_pkg/srv/__init__.py
Symlinking /home/ubuntu/ros_project/devel/lib/ur5_pkg/forward_kinematic
Symlinking /home/ubuntu/ros_project/devel/lib/ur5_pkg/node
Symlinking /home/ubuntu/ros_project/devel/share/gennodejs/ros/ur5_pkg/_index.js
Symlinking /home/ubuntu/ros_project/devel/share/gennodejs/ros/ur5_pkg/srv/ForwardKinematic.js
Symlinking /home/ubuntu/ros_project/devel/share/gennodejs/ros/ur5_pkg/srv/_index.js
Symlinking /home/ubuntu/ros_project/devel/share/common-lisp/ros/ur5_pkg/srv/_package.lisp
Symlinking /home/ubuntu/ros_project/devel/share/common-lisp/ros/ur5_pkg/srv/ur5_pkg-srv.asd
Symlinking /home/ubuntu/ros_project/devel/share/common-lisp/ros/ur5_pkg/srv/_package_ForwardKinematic.lisp
Symlinking /home/ubuntu/ros_project/devel/share/common-lisp/ros/ur5_pkg/srv/ForwardKinematic.lisp
Symlinking /home/ubuntu/ros_project/devel/share/ur5_pkg/cmake/ur5_pkgConfig.cmake
Symlinking /home/ubuntu/ros_project/devel/share/ur5_pkg/cmake/ur5_pkg-msg-extras.cmake
Symlinking /home/ubuntu/ros_project/devel/share/ur5_pkg/cmake/ur5_pkgConfig-version.cmake
Symlinking /home/ubuntu/ros_project/devel/share/ur5_pkg/cmake/ur5_pkg-msg-paths.cmake
Symlinking /home/ubuntu/ros_project/devel/share/roseus/ros/ur5_pkg/manifest.l
Symlinking /home/ubuntu/ros_project/devel/share/roseus/ros/ur5_pkg/srv/ForwardKinematic.l
