Linked: (/home/ubuntu/ros_project/devel/.private/ur5_pkg/include/ur5_pkg/ForwardKinematic.h, /home/ubuntu/ros_project/devel/include/ur5_pkg/ForwardKinematic.h)
Linked: (/home/ubuntu/ros_project/devel/.private/ur5_pkg/include/ur5_pkg/ForwardKinematicResponse.h, /home/ubuntu/ros_project/devel/include/ur5_pkg/ForwardKinematicResponse.h)
Linked: (/home/ubuntu/ros_project/devel/.private/ur5_pkg/include/ur5_pkg/ForwardKinematicRequest.h, /home/ubuntu/ros_project/devel/include/ur5_pkg/ForwardKinematicRequest.h)
Linked: (/home/ubuntu/ros_project/devel/.private/ur5_pkg/lib/pkgconfig/ur5_pkg.pc, /home/ubuntu/ros_project/devel/lib/pkgconfig/ur5_pkg.pc)
Linked: (/home/ubuntu/ros_project/devel/.private/ur5_pkg/lib/python3/dist-packages/ur5_pkg/__init__.py, /home/ubuntu/ros_project/devel/lib/python3/dist-packages/ur5_pkg/__init__.py)
Linked: (/home/ubuntu/ros_project/devel/.private/ur5_pkg/lib/python3/dist-packages/ur5_pkg/srv/_ForwardKinematic.py, /home/ubuntu/ros_project/devel/lib/python3/dist-packages/ur5_pkg/srv/_ForwardKinematic.py)
Linked: (/home/ubuntu/ros_project/devel/.private/ur5_pkg/lib/python3/dist-packages/ur5_pkg/srv/__init__.py, /home/ubuntu/ros_project/devel/lib/python3/dist-packages/ur5_pkg/srv/__init__.py)
Linked: (/home/ubuntu/ros_project/devel/.private/ur5_pkg/lib/ur5_pkg/forward_kinematic, /home/ubuntu/ros_project/devel/lib/ur5_pkg/forward_kinematic)
Linked: (/home/ubuntu/ros_project/devel/.private/ur5_pkg/lib/ur5_pkg/node, /home/ubuntu/ros_project/devel/lib/ur5_pkg/node)
Linked: (/home/ubuntu/ros_project/devel/.private/ur5_pkg/share/gennodejs/ros/ur5_pkg/_index.js, /home/ubuntu/ros_project/devel/share/gennodejs/ros/ur5_pkg/_index.js)
Linked: (/home/ubuntu/ros_project/devel/.private/ur5_pkg/share/gennodejs/ros/ur5_pkg/srv/ForwardKinematic.js, /home/ubuntu/ros_project/devel/share/gennodejs/ros/ur5_pkg/srv/ForwardKinematic.js)
Linked: (/home/ubuntu/ros_project/devel/.private/ur5_pkg/share/gennodejs/ros/ur5_pkg/srv/_index.js, /home/ubuntu/ros_project/devel/share/gennodejs/ros/ur5_pkg/srv/_index.js)
Linked: (/home/ubuntu/ros_project/devel/.private/ur5_pkg/share/common-lisp/ros/ur5_pkg/srv/_package.lisp, /home/ubuntu/ros_project/devel/share/common-lisp/ros/ur5_pkg/srv/_package.lisp)
Linked: (/home/ubuntu/ros_project/devel/.private/ur5_pkg/share/common-lisp/ros/ur5_pkg/srv/ur5_pkg-srv.asd, /home/ubuntu/ros_project/devel/share/common-lisp/ros/ur5_pkg/srv/ur5_pkg-srv.asd)
Linked: (/home/ubuntu/ros_project/devel/.private/ur5_pkg/share/common-lisp/ros/ur5_pkg/srv/_package_ForwardKinematic.lisp, /home/ubuntu/ros_project/devel/share/common-lisp/ros/ur5_pkg/srv/_package_ForwardKinematic.lisp)
Linked: (/home/ubuntu/ros_project/devel/.private/ur5_pkg/share/common-lisp/ros/ur5_pkg/srv/ForwardKinematic.lisp, /home/ubuntu/ros_project/devel/share/common-lisp/ros/ur5_pkg/srv/ForwardKinematic.lisp)
Linked: (/home/ubuntu/ros_project/devel/.private/ur5_pkg/share/ur5_pkg/cmake/ur5_pkgConfig.cmake, /home/ubuntu/ros_project/devel/share/ur5_pkg/cmake/ur5_pkgConfig.cmake)
Linked: (/home/ubuntu/ros_project/devel/.private/ur5_pkg/share/ur5_pkg/cmake/ur5_pkg-msg-extras.cmake, /home/ubuntu/ros_project/devel/share/ur5_pkg/cmake/ur5_pkg-msg-extras.cmake)
Linked: (/home/ubuntu/ros_project/devel/.private/ur5_pkg/share/ur5_pkg/cmake/ur5_pkgConfig-version.cmake, /home/ubuntu/ros_project/devel/share/ur5_pkg/cmake/ur5_pkgConfig-version.cmake)
Linked: (/home/ubuntu/ros_project/devel/.private/ur5_pkg/share/ur5_pkg/cmake/ur5_pkg-msg-paths.cmake, /home/ubuntu/ros_project/devel/share/ur5_pkg/cmake/ur5_pkg-msg-paths.cmake)
Linked: (/home/ubuntu/ros_project/devel/.private/ur5_pkg/share/roseus/ros/ur5_pkg/manifest.l, /home/ubuntu/ros_project/devel/share/roseus/ros/ur5_pkg/manifest.l)
Linked: (/home/ubuntu/ros_project/devel/.private/ur5_pkg/share/roseus/ros/ur5_pkg/srv/ForwardKinematic.l, /home/ubuntu/ros_project/devel/share/roseus/ros/ur5_pkg/srv/ForwardKinematic.l)
