[35m[1mScanning dependencies of target std_msgs_generate_messages_cpp[0m
[35m[1mScanning dependencies of target node[0m
[35m[1mScanning dependencies of target std_msgs_generate_messages_lisp[0m
[35m[1mScanning dependencies of target _ur5_pkg_generate_messages_check_deps_ForwardKinematic[0m
[35m[1mScanning dependencies of target std_msgs_generate_messages_nodejs[0m
[  0%] Built target std_msgs_generate_messages_lisp
[  0%] Built target std_msgs_generate_messages_cpp
[  0%] Built target std_msgs_generate_messages_nodejs
[35m[1mScanning dependencies of target std_msgs_generate_messages_py[0m
[35m[1mScanning dependencies of target std_msgs_generate_messages_eus[0m
[  9%] [32mBuilding CXX object CMakeFiles/node.dir/src/node.cpp.o[0m
[35m[1mScanning dependencies of target forward_kinematic[0m
[  9%] Built target std_msgs_generate_messages_py
[  9%] Built target std_msgs_generate_messages_eus
[ 18%] [32mBuilding CXX object CMakeFiles/forward_kinematic.dir/src/forward_kinematic.cpp.o[0m
[ 18%] Built target _ur5_pkg_generate_messages_check_deps_ForwardKinematic
[35m[1mScanning dependencies of target ur5_pkg_generate_messages_nodejs[0m
[35m[1mScanning dependencies of target ur5_pkg_generate_messages_lisp[0m
[35m[1mScanning dependencies of target ur5_pkg_generate_messages_cpp[0m
[ 36%] [34m[1mGenerating Lisp code from ur5_pkg/ForwardKinematic.srv[0m
[ 36%] [34m[1mGenerating Javascript code from ur5_pkg/ForwardKinematic.srv[0m
[ 45%] [34m[1mGenerating C++ code from ur5_pkg/ForwardKinematic.srv[0m
[ 45%] Built target ur5_pkg_generate_messages_lisp
[ 45%] Built target ur5_pkg_generate_messages_nodejs
[35m[1mScanning dependencies of target ur5_pkg_generate_messages_eus[0m
[35m[1mScanning dependencies of target ur5_pkg_generate_messages_py[0m
[ 54%] [34m[1mGenerating Python code from SRV ur5_pkg/ForwardKinematic[0m
[ 63%] [34m[1mGenerating EusLisp code from ur5_pkg/ForwardKinematic.srv[0m
[ 72%] [34m[1mGenerating EusLisp manifest code for ur5_pkg[0m
[ 72%] Built target ur5_pkg_generate_messages_cpp
[ 81%] [34m[1mGenerating Python srv __init__.py for ur5_pkg[0m
[ 81%] Built target ur5_pkg_generate_messages_py
[ 81%] Built target ur5_pkg_generate_messages_eus
[35m[1mScanning dependencies of target ur5_pkg_generate_messages[0m
[ 81%] Built target ur5_pkg_generate_messages
[ 90%] [32m[1mLinking CXX executable /home/ubuntu/ros_project/devel/.private/ur5_pkg/lib/ur5_pkg/node[0m
[100%] [32m[1mLinking CXX executable /home/ubuntu/ros_project/devel/.private/ur5_pkg/lib/ur5_pkg/forward_kinematic[0m
[100%] Built target node
[100%] Built target forward_kinematic
